-------------------------------------------------------------------------------
Test set: lexer.LexerTest
-------------------------------------------------------------------------------
Tests run: 6, Failures: 6, Errors: 0, Skipped: 0, Time elapsed: 0.01 sec <<< FAILURE!
lexer.LexerTest.testScanFloat()  Time elapsed: 0 sec  <<< FAILURE!
java.lang.NoClassDefFoundError: org/junit/Assert
	at lexer.LexerTest.testScanFloat(LexerTest.java:28)
Caused by: java.lang.ClassNotFoundException: org.junit.Assert
	at java.net.URLClassLoader$1.run(URLClassLoader.java:366)
	at java.net.URLClassLoader$1.run(URLClassLoader.java:355)
	at java.security.AccessController.doPrivileged(Native Method)
	at java.net.URLClassLoader.findClass(URLClassLoader.java:354)
	at java.lang.ClassLoader.loadClass(ClassLoader.java:423)
	at sun.misc.Launcher$AppClassLoader.loadClass(Launcher.java:308)
	at java.lang.ClassLoader.loadClass(ClassLoader.java:356)
	... 19 more
lexer.LexerTest.testScanInt()  Time elapsed: 0.001 sec  <<< FAILURE!
java.lang.NoClassDefFoundError: org/junit/Assert
	at lexer.LexerTest.testScanInt(LexerTest.java:39)
lexer.LexerTest.testScanId()  Time elapsed: 0.001 sec  <<< FAILURE!
java.lang.NoClassDefFoundError: org/junit/Assert
	at lexer.LexerTest.testScanId(LexerTest.java:53)
lexer.LexerTest.testScanDigitInt()  Time elapsed: 0.001 sec  <<< FAILURE!
java.lang.NoClassDefFoundError: org/junit/Assert
	at lexer.LexerTest.testScanDigitInt(LexerTest.java:68)
lexer.LexerTest.testScanDigitFloat()  Time elapsed: 0.001 sec  <<< FAILURE!
java.lang.NoClassDefFoundError: org/junit/Assert
	at lexer.LexerTest.testScanDigitFloat(LexerTest.java:82)
lexer.LexerTest.testScanSyntaxError()  Time elapsed: 0.002 sec  <<< FAILURE!
java.lang.Error: Identifier abc is not defined
	at lexer.Lexer.scan(Lexer.java:93)
	at lexer.LexerTest.testScanSyntaxError(LexerTest.java:92)
