<?xml version="1.0" encoding="UTF-8" ?>
<testsuite failures="2" time="0.028" errors="0" skipped="0" tests="2" name="callgraph.ParserTest">
  <properties>
[...]
</properties>
  <testcase time="0.014" classname="callgraph.ParserTest" name="callgraph.ParserTest.testP">
    <failure message="org/junit/Assert" type="java.lang.NoClassDefFoundError">java.lang.NoClassDefFoundError: org/junit/Assert
	at callgraph.ParserTest.testP(ParserTest.java:52)
Caused by: java.lang.ClassNotFoundException: org.junit.Assert
	at java.net.URLClassLoader$1.run(URLClassLoader.java:366)
	at java.net.URLClassLoader$1.run(URLClassLoader.java:355)
	at java.security.AccessController.doPrivileged(Native Method)
	at java.net.URLClassLoader.findClass(URLClassLoader.java:354)
	at java.lang.ClassLoader.loadClass(ClassLoader.java:423)
	at sun.misc.Launcher$AppClassLoader.loadClass(Launcher.java:308)
	at java.lang.ClassLoader.loadClass(ClassLoader.java:356)
	... 19 more
</failure>
    <system-out>t1= (float)a

t2= t1*c

t3= (float)b

t4= t3+t2

c= t4

Postfix notation and value of the statement
bac*+
c=0


t1= 3+7

t2= 3*t1

Postfix notation and value of the statement
337+*
30

t1= 3*6

t2= a+t1

Postfix notation and value of the statement
a36*+
18

t1= 2+3

t2= t1*4

a= t2

Postfix notation and value of the statement
23+4*
a=20


t1= 2.32+3.24

d= t1

Postfix notation and value of the statement
2.323.24+
d=5.56


t1= a+2

b= t1

Postfix notation and value of the statement
a2+
b=22


</system-out>
  </testcase>
  <testcase time="0.013" classname="callgraph.ParserTest" name="callgraph.ParserTest.testN1">
    <failure message="near line 13:syntax error" type="java.lang.Error">java.lang.Error: near line 13:syntax error
	at parser.Parser.error(Parser.java:40)
	at parser.Parser.match(Parser.java:51)
	at parser.Parser.L(Parser.java:137)
	at parser.Parser.L1(Parser.java:143)
	at parser.Parser.L(Parser.java:138)
	at parser.Parser.L1(Parser.java:143)
	at parser.Parser.L(Parser.java:138)
	at parser.Parser.L1(Parser.java:143)
	at parser.Parser.L(Parser.java:138)
	at parser.Parser.L1(Parser.java:143)
	at parser.Parser.L(Parser.java:138)
	at parser.Parser.L1(Parser.java:143)
	at parser.Parser.L(Parser.java:138)
	at parser.Parser.P(Parser.java:59)
	at callgraph.ParserTest.testN1(ParserTest.java:72)
</failure>
    <system-out>t1= (float)a

t2= t1*c

t3= (float)b

t4= t3+t2

c= t4

Postfix notation and value of the statement
bac*+
c=0


t1= 3+7

t2= 3*t1

Postfix notation and value of the statement
337+*
30

t1= 3*6

t2= a+t1

Postfix notation and value of the statement
a36*+
18

t1= 2+3

t2= t1*4

a= t2

Postfix notation and value of the statement
23+4*
a=20


t1= 2.32+3.24

d= t1

Postfix notation and value of the statement
2.323.24+
d=5.56


t1= a+2

b= t1

Postfix notation and value of the statement
a2+
b=22


</system-out>
  </testcase>
</testsuite>